{"level":30,"time":"2025-09-24T15:38:46.663Z","service":"fleet-api","msg":"request_completed","route":"/fleet/state","method":"GET","status":200,"latency_ms":1.29,"correlationId":"70175d17-8049-4383-a798-7b6b059256a2","userAgent":"node"}
{"level":30,"time":"2025-09-24T15:38:48.022Z","service":"fleet-api","msg":"request_completed","route":"/fleet/layout","method":"GET","status":200,"latency_ms":1.85,"correlationId":"c2fdbfda-deeb-406b-b0df-9588c5749e27","userAgent":"node"}
{"level":30,"time":"2025-09-24T15:38:51.529Z","service":"fleet-api","msg":"request_completed","route":"/healthz","method":"GET","status":200,"latency_ms":0.86,"correlationId":"bc43dbb6-08b4-4b21-b05f-94484a54de7e","userAgent":"node"}
{"level":30,"time":"2025-09-24T15:38:59.330Z","service":"fleet-api","msg":"request_completed","route":"/fleet/layout","method":"GET","status":200,"latency_ms":1.29,"correlationId":"e7663ffd-dc4e-4ddd-b6ee-5608ea781e5d","userAgent":"node"}
{"level":30,"time":"2025-09-24T15:38:59.344Z","service":"fleet-api","msg":"request_completed","route":"/fleet/state","method":"GET","status":200,"latency_ms":11.99,"correlationId":"17e65bbb-2528-483e-abdf-beb0b34c3710","userAgent":"node"}
{"level":30,"time":"2025-09-24T15:38:59.347Z","service":"fleet-api","msg":"request_completed","route":"/audio","method":"GET","status":404,"latency_ms":2.12,"correlationId":"a9d69fbf-cc02-4548-83af-7491bbc69936","userAgent":"node"}
{"level":30,"time":"2025-09-24T15:38:59.350Z","service":"fleet-api","msg":"request_completed","route":"/video","method":"GET","status":404,"latency_ms":2.14,"correlationId":"ece6654c-8504-44f2-9592-9e9a5437ce3a","userAgent":"node"}
{"level":30,"time":"2025-09-24T15:38:59.354Z","service":"fleet-api","msg":"request_completed","route":"/zigbee","method":"GET","status":404,"latency_ms":2.27,"correlationId":"bdd330de-e0cd-48f0-a2e2-b42fd18a8f9f","userAgent":"node"}
{"level":30,"time":"2025-09-24T15:38:59.358Z","service":"fleet-api","msg":"request_completed","route":"/camera","method":"GET","status":404,"latency_ms":2.06,"correlationId":"28da7da6-167c-48d8-913a-b4359ecdf961","userAgent":"node"}
{"level":50,"time":"2025-09-24T15:39:00.606Z","service":"fleet-api","msg":"request_failed","route":"/fleet/state","method":"HEAD","status":401,"correlationId":"be053e9c-eb6d-453b-85a6-552d023edf49","error":{"message":"Missing bearer token","stack":"Error: Missing bearer token\n    at createHttpError (/app/dist/util/errors.js:25:12)\n    at bearerAuth (/app/dist/auth/bearer.js:10:50)\n    at Layer.handleRequest (/app/node_modules/router/lib/layer.js:152:17)\n    at trimPrefix (/app/node_modules/router/index.js:342:13)\n    at /app/node_modules/router/index.js:297:9\n    at processParams (/app/node_modules/router/index.js:582:12)\n    at next (/app/node_modules/router/index.js:291:5)\n    at rateLimit (/app/dist/middleware/rate-limit.js:65:5)\n    at Layer.handleRequest (/app/node_modules/router/lib/layer.js:152:17)\n    at trimPrefix (/app/node_modules/router/index.js:342:13)"}}
{"level":30,"time":"2025-09-24T15:39:00.607Z","service":"fleet-api","msg":"request_completed","route":"/fleet/state","method":"HEAD","status":401,"latency_ms":1.26,"correlationId":"be053e9c-eb6d-453b-85a6-552d023edf49","userAgent":"curl/7.88.1"}
{"level":30,"time":"2025-09-24T15:39:22.031Z","service":"fleet-api","msg":"request_completed","route":"/healthz","method":"GET","status":200,"latency_ms":0.86,"correlationId":"4aa73090-7c5d-40e1-b9cc-6377992ff39d","userAgent":"node"}
{"level":30,"time":"2025-09-24T15:39:52.609Z","service":"fleet-api","msg":"request_completed","route":"/healthz","method":"GET","status":200,"latency_ms":1.2,"correlationId":"d0ad62b5-abd9-464c-9e7d-bc2ede914621","userAgent":"node"}
{"level":30,"time":"2025-09-24T15:40:23.118Z","service":"fleet-api","msg":"request_completed","route":"/healthz","method":"GET","status":200,"latency_ms":1.16,"correlationId":"8112bed5-622d-46cd-bb07-af6d2aba8051","userAgent":"node"}
{"level":30,"time":"2025-09-24T15:40:53.606Z","service":"fleet-api","msg":"request_completed","route":"/healthz","method":"GET","status":200,"latency_ms":1.13,"correlationId":"790bce82-8386-4ca9-b397-07a60e5f4618","userAgent":"node"}
{"level":30,"time":"2025-09-24T15:41:24.127Z","service":"fleet-api","msg":"request_completed","route":"/healthz","method":"GET","status":200,"latency_ms":1.16,"correlationId":"c7420756-f1ec-41fe-924b-1a44dcaef1b2","userAgent":"node"}
{"level":30,"time":"2025-09-24T15:41:30.592Z","service":"fleet-api","msg":"request_completed","route":"/fleet/layout","method":"GET","status":200,"latency_ms":1.09,"correlationId":"7df4fd4a-7c29-46d6-9fdd-e07f565ee498","userAgent":"node"}
{"level":30,"time":"2025-09-24T15:41:30.594Z","service":"fleet-api","msg":"request_completed","route":"/fleet/state","method":"GET","status":200,"latency_ms":0.97,"correlationId":"639398d6-d3d2-43bf-a310-9a7017836e51","userAgent":"node"}
{"level":30,"time":"2025-09-24T15:41:30.596Z","service":"fleet-api","msg":"request_completed","route":"/audio","method":"GET","status":404,"latency_ms":1.87,"correlationId":"945ed6ae-895f-495a-8ddc-e8b2608d3660","userAgent":"node"}
{"level":30,"time":"2025-09-24T15:41:30.597Z","service":"fleet-api","msg":"request_completed","route":"/video","method":"GET","status":404,"latency_ms":2.08,"correlationId":"bde7f986-8b2f-492d-8ae6-7ec78779bfaa","userAgent":"node"}
{"level":30,"time":"2025-09-24T15:41:30.600Z","service":"fleet-api","msg":"request_completed","route":"/zigbee","method":"GET","status":404,"latency_ms":2.22,"correlationId":"829d4950-c21b-4b43-99ee-530634c715a4","userAgent":"node"}
{"level":30,"time":"2025-09-24T15:41:30.601Z","service":"fleet-api","msg":"request_completed","route":"/camera","method":"GET","status":404,"latency_ms":1.92,"correlationId":"4432cbda-5f47-4492-aa8a-4c0ed0de8601","userAgent":"node"}
{"level":30,"time":"2025-09-24T15:41:30.870Z","service":"fleet-api","msg":"request_completed","route":"/fleet/layout","method":"GET","status":200,"latency_ms":2.49,"correlationId":"ccbb46f4-dbeb-491d-bf07-6fe403d1563b","userAgent":"node"}
{"level":30,"time":"2025-09-24T15:41:30.874Z","service":"fleet-api","msg":"request_completed","route":"/fleet/state","method":"GET","status":200,"latency_ms":2.24,"correlationId":"4a3142dc-5529-42a1-a1c1-003c78f29bed","userAgent":"node"}
{"level":30,"time":"2025-09-24T15:41:30.882Z","service":"fleet-api","msg":"request_completed","route":"/audio","method":"GET","status":404,"latency_ms":5.7,"correlationId":"fd7a7b04-b348-46c3-b6d8-a6442ac12fff","userAgent":"node"}
{"level":30,"time":"2025-09-24T15:41:30.884Z","service":"fleet-api","msg":"request_completed","route":"/zigbee","method":"GET","status":404,"latency_ms":5.24,"correlationId":"76847afd-0173-4965-85be-4db8639236c3","userAgent":"node"}
{"level":30,"time":"2025-09-24T15:41:30.889Z","service":"fleet-api","msg":"request_completed","route":"/video","method":"GET","status":404,"latency_ms":3.71,"correlationId":"10c5fe45-04c4-4b70-9d6a-9a09ac26e2c1","userAgent":"node"}
{"level":30,"time":"2025-09-24T15:41:30.891Z","service":"fleet-api","msg":"request_completed","route":"/camera","method":"GET","status":404,"latency_ms":4.25,"correlationId":"20f8f65a-e2e2-4b1d-be10-66659494aa25","userAgent":"node"}
{"level":30,"time":"2025-09-24T15:41:30.915Z","service":"fleet-api","msg":"request_completed","route":"/fleet/layout","method":"GET","status":200,"latency_ms":1.17,"correlationId":"f7fd2a2c-31cd-430d-a14c-1a8e399aa6f8","userAgent":"node"}
{"level":30,"time":"2025-09-24T15:41:30.920Z","service":"fleet-api","msg":"request_completed","route":"/fleet/state","method":"GET","status":200,"latency_ms":1.4,"correlationId":"c1499f84-6062-464a-bae8-0e2747212efe","userAgent":"node"}
{"level":30,"time":"2025-09-24T15:41:38.564Z","service":"fleet-api","msg":"request_completed","route":"/fleet/layout","method":"GET","status":200,"latency_ms":1.13,"correlationId":"b9a79988-2067-41ce-9bbe-b242997058e6","userAgent":"node"}
{"level":30,"time":"2025-09-24T15:41:38.566Z","service":"fleet-api","msg":"request_completed","route":"/fleet/state","method":"GET","status":200,"latency_ms":1.1,"correlationId":"38fbe476-aa5b-4919-8069-8ff940ee07eb","userAgent":"node"}
{"level":30,"time":"2025-09-24T15:41:38.570Z","service":"fleet-api","msg":"request_completed","route":"/audio","method":"GET","status":404,"latency_ms":2.82,"correlationId":"6d48a160-6f52-4d9c-a46d-1e60f5f19b5a","userAgent":"node"}
{"level":30,"time":"2025-09-24T15:41:38.571Z","service":"fleet-api","msg":"request_completed","route":"/video","method":"GET","status":404,"latency_ms":2.75,"correlationId":"a9a7eb26-4eb5-4c70-a730-aec0cf7d6a99","userAgent":"node"}
{"level":30,"time":"2025-09-24T15:41:38.574Z","service":"fleet-api","msg":"request_completed","route":"/zigbee","method":"GET","status":404,"latency_ms":1.9,"correlationId":"88b80012-871f-40d4-8652-47592dd78343","userAgent":"node"}
{"level":30,"time":"2025-09-24T15:41:38.575Z","service":"fleet-api","msg":"request_completed","route":"/camera","method":"GET","status":404,"latency_ms":2.39,"correlationId":"1cbef76e-4272-47ca-bc03-8626c31e6558","userAgent":"node"}
{"level":30,"time":"2025-09-24T15:41:38.701Z","service":"fleet-api","msg":"request_completed","route":"/fleet/state","method":"GET","status":200,"latency_ms":1.58,"correlationId":"6d93aabe-dd3b-4609-ab35-c2452ca74fce","userAgent":"node"}
{"level":30,"time":"2025-09-24T15:41:38.704Z","service":"fleet-api","msg":"request_completed","route":"/fleet/layout","method":"GET","status":200,"latency_ms":1.04,"correlationId":"2d0c49c9-1ab4-40b5-b00e-3c9f5bc00cf8","userAgent":"node"}
{"level":30,"time":"2025-09-24T15:41:38.721Z","service":"fleet-api","msg":"request_completed","route":"/zigbee","method":"GET","status":404,"latency_ms":1.82,"correlationId":"2e230df6-2d10-4d9a-869a-5a114a67de79","userAgent":"node"}
{"level":30,"time":"2025-09-24T15:41:38.723Z","service":"fleet-api","msg":"request_completed","route":"/video","method":"GET","status":404,"latency_ms":1.19,"correlationId":"0f7d47b7-4eee-4ee8-ae7b-35cfc54cb00d","userAgent":"node"}
{"level":30,"time":"2025-09-24T15:41:38.742Z","service":"fleet-api","msg":"request_completed","route":"/audio","method":"GET","status":404,"latency_ms":1.21,"correlationId":"cf505211-788b-401b-86e7-a426c18cc147","userAgent":"node"}
{"level":30,"time":"2025-09-24T15:41:38.749Z","service":"fleet-api","msg":"request_completed","route":"/camera","method":"GET","status":404,"latency_ms":1.19,"correlationId":"67e51a5e-80b1-4c00-9f18-7aea76138026","userAgent":"node"}
{"level":30,"time":"2025-09-24T15:41:49.097Z","service":"fleet-api","msg":"request_completed","route":"/audio","method":"GET","status":404,"latency_ms":1.17,"correlationId":"354e9e72-57df-42c1-833e-e347250a127d","userAgent":"node"}
{"level":30,"time":"2025-09-24T15:41:54.657Z","service":"fleet-api","msg":"request_completed","route":"/healthz","method":"GET","status":200,"latency_ms":1,"correlationId":"3890ec75-4a93-4abf-8b8a-80a96bef7e6c","userAgent":"node"}
{"level":30,"time":"2025-09-24T15:42:02.144Z","service":"fleet-api","msg":"request_completed","route":"/video","method":"GET","status":404,"latency_ms":1.4,"correlationId":"26878c33-0601-46e2-97a6-1d94282a8384","userAgent":"node"}
{"level":30,"time":"2025-09-24T15:42:10.262Z","service":"fleet-api","msg":"request_completed","route":"/zigbee","method":"GET","status":404,"latency_ms":2.79,"correlationId":"ce5f68e2-1c04-490c-b061-a25ea20995e6","userAgent":"node"}
{"level":30,"time":"2025-09-24T15:42:25.200Z","service":"fleet-api","msg":"request_completed","route":"/healthz","method":"GET","status":200,"latency_ms":2.9,"correlationId":"bc683ab0-4edf-44f3-a4ec-e62a92a055e9","userAgent":"node"}
{"level":30,"time":"2025-09-24T15:42:34.984Z","service":"fleet-api","msg":"request_completed","route":"/video","method":"GET","status":404,"latency_ms":1.72,"correlationId":"693f43bf-9199-41ee-aafe-088804abdc1b","userAgent":"node"}
{"level":30,"time":"2025-09-24T15:42:34.999Z","service":"fleet-api","msg":"request_completed","route":"/camera","method":"GET","status":404,"latency_ms":6.94,"correlationId":"1d38888e-3658-4422-90c0-07554fd7164e","userAgent":"node"}
{"level":30,"time":"2025-09-24T15:42:35.000Z","service":"fleet-api","msg":"request_completed","route":"/zigbee","method":"GET","status":404,"latency_ms":6.81,"correlationId":"9647b7c2-5240-40f9-9ff5-0da5f809f00e","userAgent":"node"}
{"level":30,"time":"2025-09-24T15:42:35.003Z","service":"fleet-api","msg":"request_completed","route":"/audio","method":"GET","status":404,"latency_ms":2,"correlationId":"793556e9-3c75-4d8d-80b3-a3f53a79acba","userAgent":"node"}
{"level":30,"time":"2025-09-24T15:42:55.746Z","service":"fleet-api","msg":"request_completed","route":"/healthz","method":"GET","status":200,"latency_ms":0.84,"correlationId":"d0951af6-5ced-4709-81dd-bee3c3af1f0a","userAgent":"node"}
{"level":30,"time":"2025-09-24T15:43:26.219Z","service":"fleet-api","msg":"request_completed","route":"/healthz","method":"GET","status":200,"latency_ms":0.88,"correlationId":"17ff125c-23cb-4e27-8b2a-c30f8b6c5071","userAgent":"node"}
{"level":30,"time":"2025-09-24T15:43:40.251Z","service":"fleet-api","msg":"request_completed","route":"/fleet/layout","method":"GET","status":200,"latency_ms":1.07,"correlationId":"51e00930-4b97-4580-8c1f-25f9acf018df","userAgent":"node"}
{"level":30,"time":"2025-09-24T15:43:40.253Z","service":"fleet-api","msg":"request_completed","route":"/fleet/state","method":"GET","status":200,"latency_ms":1.02,"correlationId":"2c41e228-1951-4cd7-9b9a-76501526b9fd","userAgent":"node"}
{"level":30,"time":"2025-09-24T15:43:40.258Z","service":"fleet-api","msg":"request_completed","route":"/audio","method":"GET","status":404,"latency_ms":4.19,"correlationId":"94178676-c745-44ef-8bd5-986473c57f40","userAgent":"node"}
{"level":30,"time":"2025-09-24T15:43:40.259Z","service":"fleet-api","msg":"request_completed","route":"/video","method":"GET","status":404,"latency_ms":4.66,"correlationId":"4e8cae5d-0b03-49e7-9429-808fe20b3706","userAgent":"node"}
{"level":30,"time":"2025-09-24T15:43:40.262Z","service":"fleet-api","msg":"request_completed","route":"/zigbee","method":"GET","status":404,"latency_ms":6.47,"correlationId":"fbcf9865-214b-432f-8795-2a66d1601834","userAgent":"node"}
{"level":30,"time":"2025-09-24T15:43:40.263Z","service":"fleet-api","msg":"request_completed","route":"/camera","method":"GET","status":404,"latency_ms":6.34,"correlationId":"079446a5-8c88-4d2a-9bf8-806ee18f242e","userAgent":"node"}
{"level":30,"time":"2025-09-24T15:43:40.339Z","service":"fleet-api","msg":"request_completed","route":"/video","method":"GET","status":404,"latency_ms":1.02,"correlationId":"6f247808-f4a7-4993-abd5-ebee87958ea2","userAgent":"node"}
{"level":30,"time":"2025-09-24T15:43:40.341Z","service":"fleet-api","msg":"request_completed","route":"/audio","method":"GET","status":404,"latency_ms":1.05,"correlationId":"90f255a0-ef02-4497-8cd2-79cd46b0bc81","userAgent":"node"}
{"level":30,"time":"2025-09-24T15:43:40.342Z","service":"fleet-api","msg":"request_completed","route":"/fleet/layout","method":"GET","status":200,"latency_ms":1.01,"correlationId":"bb086cdb-625c-4fb9-9c54-077cca91af63","userAgent":"node"}
{"level":30,"time":"2025-09-24T15:43:40.347Z","service":"fleet-api","msg":"request_completed","route":"/camera","method":"GET","status":404,"latency_ms":1.06,"correlationId":"8807e07e-581d-4d35-bd4c-eda398fe7374","userAgent":"node"}
{"level":30,"time":"2025-09-24T15:43:40.359Z","service":"fleet-api","msg":"request_completed","route":"/fleet/state","method":"GET","status":200,"latency_ms":0.96,"correlationId":"1b9777b4-4bc2-4453-a2bf-300e90a6788e","userAgent":"node"}
{"level":30,"time":"2025-09-24T15:43:40.366Z","service":"fleet-api","msg":"request_completed","route":"/zigbee","method":"GET","status":404,"latency_ms":0.97,"correlationId":"09161840-6943-4796-b7bc-70be60eb9dc5","userAgent":"node"}
{"level":30,"time":"2025-09-24T15:43:56.775Z","service":"fleet-api","msg":"request_completed","route":"/healthz","method":"GET","status":200,"latency_ms":1.11,"correlationId":"c54b0781-79ea-444c-b934-24a260a87a1e","userAgent":"node"}
{"level":30,"time":"2025-09-24T15:44:27.304Z","service":"fleet-api","msg":"request_completed","route":"/healthz","method":"GET","status":200,"latency_ms":0.88,"correlationId":"0ed21825-da76-410a-b6e8-ae91f5e4e938","userAgent":"node"}
{"level":30,"time":"2025-09-24T15:44:57.886Z","service":"fleet-api","msg":"request_completed","route":"/healthz","method":"GET","status":200,"latency_ms":0.96,"correlationId":"51295505-f914-490f-a2a4-a5127e48de34","userAgent":"node"}
{"level":30,"time":"2025-09-24T15:45:28.437Z","service":"fleet-api","msg":"request_completed","route":"/healthz","method":"GET","status":200,"latency_ms":1.05,"correlationId":"45163103-db17-4cc0-b73d-5874bb6360f8","userAgent":"node"}
{"level":30,"time":"2025-09-24T15:45:58.931Z","service":"fleet-api","msg":"request_completed","route":"/healthz","method":"GET","status":200,"latency_ms":0.88,"correlationId":"352058be-6158-49ff-a4d0-9f4acd19481e","userAgent":"node"}
{"level":30,"time":"2025-09-24T15:46:29.492Z","service":"fleet-api","msg":"request_completed","route":"/healthz","method":"GET","status":200,"latency_ms":0.95,"correlationId":"b6b30fd4-24c9-47fb-8a19-1d69c29c8e28","userAgent":"node"}
{"level":30,"time":"2025-09-24T15:47:00.089Z","service":"fleet-api","msg":"request_completed","route":"/healthz","method":"GET","status":200,"latency_ms":0.94,"correlationId":"90989cf0-2080-40e7-b6fb-08119c288aec","userAgent":"node"}
{"level":30,"time":"2025-09-24T15:47:30.571Z","service":"fleet-api","msg":"request_completed","route":"/healthz","method":"GET","status":200,"latency_ms":1.1,"correlationId":"6d2ac570-013a-4d74-b7d4-7eddbfe81e96","userAgent":"node"}
{"level":30,"time":"2025-09-24T15:48:01.138Z","service":"fleet-api","msg":"request_completed","route":"/healthz","method":"GET","status":200,"latency_ms":1.02,"correlationId":"9cfe9a86-5c55-49f0-af96-2fd0856aa742","userAgent":"node"}
{"level":30,"time":"2025-09-24T15:48:31.701Z","service":"fleet-api","msg":"request_completed","route":"/healthz","method":"GET","status":200,"latency_ms":0.79,"correlationId":"1aa143e9-bc98-49f9-91da-8c9899f498b4","userAgent":"node"}
