[ui-proxy] GET /fleet/state -> 200 {
  requestId: '70175d17-8049-4383-a798-7b6b059256a2',
  durationMs: 11,
  target: 'http://fleet-api:3015/fleet/state'
}
[ui-proxy] GET /fleet/layout -> 200 {
  requestId: 'c2fdbfda-deeb-406b-b0df-9588c5749e27',
  durationMs: 6,
  target: 'http://fleet-api:3015/fleet/layout'
}
[ui-proxy] GET /fleet/layout -> 200 {
  requestId: 'ccbb46f4-dbeb-491d-bf07-6fe403d1563b',
  durationMs: 23,
  target: 'http://fleet-api:3015/fleet/layout'
}
[ui-proxy] GET /fleet/state -> 200 {
  requestId: '4a3142dc-5529-42a1-a1c1-003c78f29bed',
  durationMs: 25,
  target: 'http://fleet-api:3015/fleet/state'
}
[ui-proxy] GET /fleet/state -> 200 {
  requestId: '6d93aabe-dd3b-4609-ab35-c2452ca74fce',
  durationMs: 10,
  target: 'http://fleet-api:3015/fleet/state'
}
[ui-proxy] GET /fleet/layout -> 200 {
  requestId: '2d0c49c9-1ab4-40b5-b00e-3c9f5bc00cf8',
  durationMs: 16,
  target: 'http://fleet-api:3015/fleet/layout'
}
[ui-proxy] GET /fleet/layout -> 200 {
  requestId: 'bb086cdb-625c-4fb9-9c54-077cca91af63',
  durationMs: 15,
  target: 'http://fleet-api:3015/fleet/layout'
}
[ui-proxy] GET /fleet/state -> 200 {
  requestId: '1b9777b4-4bc2-4453-a2bf-300e90a6788e',
  durationMs: 10,
  target: 'http://fleet-api:3015/fleet/state'
}
